<?xml version="1.0" encoding="UTF-8"?>
<testng-results skipped="0" failed="0" ignored="0" total="1" passed="1">
  <reporter-output>
  </reporter-output>
  <suite name="Suite" duration-ms="44426" started-at="2019-03-22T19:04:50Z" finished-at="2019-03-22T19:05:34Z">
    <groups>
    </groups>
    <test name="Test" duration-ms="44426" started-at="2019-03-22T19:04:50Z" finished-at="2019-03-22T19:05:34Z">
      <class name="com.Sel_git_maven.testcases.TestCase">
        <test-method status="PASS" signature="launch()[pri:0, instance:com.Sel_git_maven.testcases.TestCase@51565ec2]" name="launch" duration-ms="44364" started-at="2019-03-22T19:04:50Z" finished-at="2019-03-22T19:05:34Z">
          <reporter-output>
          </reporter-output>
        </test-method> <!-- launch -->
      </class> <!-- com.Sel_git_maven.testcases.TestCase -->
    </test> <!-- Test -->
  </suite> <!-- Suite -->
</testng-results>
